---------------------------------------
Begin Slurm Prolog: Mar-24-2023 13:41:55
Job ID:    1376592
User ID:   bxia34
Account:   gts-jw254-coda20
Job name:  train_CNN
Partition: cpu-large
QOS:       inferno
---------------------------------------

CommandNotFoundError: Your shell has not been properly configured to use 'conda deactivate'.
To initialize your shell, run

    $ conda init <SHELL_NAME>

Currently supported shells are:
  - bash
  - fish
  - tcsh
  - xonsh
  - zsh
  - powershell

See 'conda init --help' for more information and options.

IMPORTANT: You may need to close and restart your shell after running 'conda init'.



The following have been reloaded with a version change:
  1) anaconda3/2022.05.0.1 => anaconda3/2022.05

