---------------------------------------
Begin Slurm Prolog: Apr-20-2023 15:48:46
Job ID:    1705225
User ID:   bxia34
Account:   gts-jw254-coda20
Job name:  preprocess
Partition: cpu-large
QOS:       inferno
---------------------------------------

CommandNotFoundError: Your shell has not been properly configured to use 'conda deactivate'.
To initialize your shell, run

    $ conda init <SHELL_NAME>

Currently supported shells are:
  - bash
  - fish
  - tcsh
  - xonsh
  - zsh
  - powershell

See 'conda init --help' for more information and options.

IMPORTANT: You may need to close and restart your shell after running 'conda init'.



The following have been reloaded with a version change:
  1) anaconda3/2022.05.0.1 => anaconda3/2022.05

0.h5 exists, skipping.
1.h5 exists, skipping.
2.h5 exists, skipping.
3.h5 exists, skipping.
4.h5 exists, skipping.
5.h5 exists, skipping.
6.h5 exists, skipping.
7.h5 exists, skipping.
8.h5 exists, skipping.
9.h5 exists, skipping.
a.h5 exists, skipping.
b.h5 exists, skipping.
c.h5 exists, skipping.
d.h5 exists, skipping.
e.h5 exists, skipping.
f.h5 exists, skipping.
train.h5 already exists, skipping.
---------------------------------------
Begin Slurm Epilog: Apr-20-2023 15:49:42
Job ID:        1705225
Array Job ID:  _4294967294
User ID:       bxia34
Account:       gts-jw254-coda20
Job name:      preprocess
Resources:     cpu=1,mem=32G,node=1
Rsrc Used:     cput=00:00:56,vmem=9992K,walltime=00:00:56,mem=7804K,energy_used=0
Partition:     cpu-large
QOS:           inferno
Nodes:         atl1-1-03-004-15-2
---------------------------------------
